  controls.cpp
  controlsForFOV.cpp
d:\vs\project\openglctrender\demo\controlsforfov.cpp(114): warning C4244: '*=': conversion from 'double' to 'T', possible loss of data
          with
          [
              T=float
          ]
d:\vs\project\openglctrender\demo\controlsforfov.cpp(115): warning C4244: '*=': conversion from 'double' to 'T', possible loss of data
          with
          [
              T=float
          ]
d:\vs\project\openglctrender\demo\controlsforfov.cpp(116): warning C4244: '*=': conversion from 'double' to 'T', possible loss of data
          with
          [
              T=float
          ]
  demo.cpp
  getNormals.cpp
  getUVs.cpp
  loadOBJ.cpp
d:\vs\project\openglctrender\demo\loadobj.cpp(31): warning C4473: 'fscanf_s' : not enough arguments passed for format string
  d:\vs\project\openglctrender\demo\loadobj.cpp(31): note: placeholders and their parameters expect 2 variadic arguments, but 1 were provided
  d:\vs\project\openglctrender\demo\loadobj.cpp(31): note: the missing variadic argument 2 is required by format string '%c'
  d:\vs\project\openglctrender\demo\loadobj.cpp(31): note: this argument is used as a buffer size
  sampleTexture.cpp
d:\vs\project\openglctrender\demo\sampletexture.cpp(37): warning C4244: 'initializing': conversion from 'clock_t' to 'float', possible loss of data
d:\vs\project\openglctrender\demo\sampletexture.cpp(245): warning C4267: 'argument': conversion from 'size_t' to 'GLsizei', possible loss of data
  shader.cpp
  test.cpp
  texture.cpp
LINK : warning LNK4098: defaultlib 'LIBCMT' conflicts with use of other libs; use /NODEFAULTLIB:library
  Generating code
  0 of 708 functions ( 0.0%) were compiled, the rest were copied from previous compilation.
    0 functions were new in current compilation
    0 functions had inline decision re-evaluated but remain unchanged
  Finished generating code
shader.obj : warning LNK4049: locally defined symbol __glewLinkProgram imported
shader.obj : warning LNK4049: locally defined symbol __glewDeleteShader imported
shader.obj : warning LNK4049: locally defined symbol __glewGetProgramInfoLog imported
shader.obj : warning LNK4049: locally defined symbol __glewDetachShader imported
shader.obj : warning LNK4049: locally defined symbol __glewShaderSource imported
shader.obj : warning LNK4049: locally defined symbol __glewAttachShader imported
shader.obj : warning LNK4049: locally defined symbol __glewGetProgramiv imported
shader.obj : warning LNK4049: locally defined symbol __glewGetShaderInfoLog imported
shader.obj : warning LNK4049: locally defined symbol __glewCreateProgram imported
shader.obj : warning LNK4049: locally defined symbol __glewCreateShader imported
shader.obj : warning LNK4049: locally defined symbol __glewCompileShader imported
shader.obj : warning LNK4049: locally defined symbol __glewGetShaderiv imported
texture.obj : warning LNK4049: locally defined symbol __glewGenerateMipmap imported
texture.obj : warning LNK4049: locally defined symbol __glewCompressedTexImage2D imported
glew32s.lib(glew.obj) : warning LNK4099: PDB 'glew_static.pdb' was not found with 'glew32s.lib(glew.obj)' or at 'D:\VS\Project\OpenGLCTRender\x64\Release\glew_static.pdb'; linking object as if no debug info
  demo.vcxproj -> D:\VS\Project\OpenGLCTRender\x64\Release\demo.exe
