  controlsForFOV.cpp
d:\vs\project\openglctrender\demo\controlsforfov.cpp(114): warning C4244: '*=': conversion from 'double' to 'T', possible loss of data
          with
          [
              T=float
          ]
d:\vs\project\openglctrender\demo\controlsforfov.cpp(115): warning C4244: '*=': conversion from 'double' to 'T', possible loss of data
          with
          [
              T=float
          ]
d:\vs\project\openglctrender\demo\controlsforfov.cpp(116): warning C4244: '*=': conversion from 'double' to 'T', possible loss of data
          with
          [
              T=float
          ]
LINK : warning LNK4098: defaultlib 'LIBCMT' conflicts with use of other libs; use /NODEFAULTLIB:library
  Generating code
  7 of 633 functions ( 1.1%) were compiled, the rest were copied from previous compilation.
    0 functions were new in current compilation
    2 functions had inline decision re-evaluated but remain unchanged
  Finished generating code
shader.obj : warning LNK4049: locally defined symbol __glewLinkProgram imported
shader.obj : warning LNK4049: locally defined symbol __glewDeleteShader imported
shader.obj : warning LNK4049: locally defined symbol __glewGetProgramInfoLog imported
shader.obj : warning LNK4049: locally defined symbol __glewDetachShader imported
shader.obj : warning LNK4049: locally defined symbol __glewShaderSource imported
shader.obj : warning LNK4049: locally defined symbol __glewAttachShader imported
shader.obj : warning LNK4049: locally defined symbol __glewGetProgramiv imported
shader.obj : warning LNK4049: locally defined symbol __glewGetShaderInfoLog imported
shader.obj : warning LNK4049: locally defined symbol __glewCreateProgram imported
shader.obj : warning LNK4049: locally defined symbol __glewCreateShader imported
shader.obj : warning LNK4049: locally defined symbol __glewCompileShader imported
shader.obj : warning LNK4049: locally defined symbol __glewGetShaderiv imported
texture.obj : warning LNK4049: locally defined symbol __glewGenerateMipmap imported
texture.obj : warning LNK4049: locally defined symbol __glewCompressedTexImage2D imported
glew32s.lib(glew.obj) : warning LNK4099: PDB 'glew_static.pdb' was not found with 'glew32s.lib(glew.obj)' or at 'D:\VS\Project\OpenGLCTRender\x64\Release\glew_static.pdb'; linking object as if no debug info
  demo.vcxproj -> D:\VS\Project\OpenGLCTRender\x64\Release\demo.exe
