  controls.cpp
  demo.cpp
  getNormals.cpp
d:\vs\project\openglctrender\demo\getnormals.cpp(57): warning C4267: 'argument': conversion from 'size_t' to 'int', possible loss of data
  loadOBJ.cpp
  shader.cpp
  test.cpp
d:\vs\project\openglctrender\demo\test.cpp(205): warning C4267: 'argument': conversion from 'size_t' to 'GLsizei', possible loss of data
  Generating Code...
LINK : warning LNK4098: defaultlib 'LIBCMT' conflicts with use of other libs; use /NODEFAULTLIB:library
shader.obj : warning LNK4049: locally defined symbol __glewAttachShader imported
shader.obj : warning LNK4049: locally defined symbol __glewCompileShader imported
shader.obj : warning LNK4049: locally defined symbol __glewCreateProgram imported
shader.obj : warning LNK4049: locally defined symbol __glewCreateShader imported
shader.obj : warning LNK4049: locally defined symbol __glewDeleteShader imported
shader.obj : warning LNK4049: locally defined symbol __glewDetachShader imported
shader.obj : warning LNK4049: locally defined symbol __glewGetProgramInfoLog imported
shader.obj : warning LNK4049: locally defined symbol __glewGetProgramiv imported
shader.obj : warning LNK4049: locally defined symbol __glewGetShaderInfoLog imported
shader.obj : warning LNK4049: locally defined symbol __glewGetShaderiv imported
shader.obj : warning LNK4049: locally defined symbol __glewLinkProgram imported
shader.obj : warning LNK4049: locally defined symbol __glewShaderSource imported
glew32s.lib(glew.obj) : warning LNK4099: PDB 'glew_static.pdb' was not found with 'glew32s.lib(glew.obj)' or at 'D:\VS\Project\OpenGLCTRender\x64\Debug\glew_static.pdb'; linking object as if no debug info
  demo.vcxproj -> D:\VS\Project\OpenGLCTRender\x64\Debug\demo.exe
